c:\users\iazpiroz-ext\documents\visual studio 2015\Projects\Arb1\Arb1\app\http.service.js
c:\users\iazpiroz-ext\documents\visual studio 2015\Projects\Arb1\Arb1\app\http.service.js.map
c:\users\iazpiroz-ext\documents\visual studio 2015\Projects\Arb1\Arb1\app\app.component.js
c:\users\iazpiroz-ext\documents\visual studio 2015\Projects\Arb1\Arb1\app\app.component.js.map
c:\users\iazpiroz-ext\documents\visual studio 2015\Projects\Arb1\Arb1\app\app.module.js
c:\users\iazpiroz-ext\documents\visual studio 2015\Projects\Arb1\Arb1\app\app.module.js.map
c:\users\iazpiroz-ext\documents\visual studio 2015\Projects\Arb1\Arb1\app\main.js
c:\users\iazpiroz-ext\documents\visual studio 2015\Projects\Arb1\Arb1\app\main.js.map
c:\users\iazpiroz-ext\documents\visual studio 2015\Projects\Arb1\Arb1\app\http.service.js
c:\users\iazpiroz-ext\documents\visual studio 2015\Projects\Arb1\Arb1\app\http.service.js.map
c:\users\iazpiroz-ext\documents\visual studio 2015\Projects\Arb1\Arb1\app\app.component.js
c:\users\iazpiroz-ext\documents\visual studio 2015\Projects\Arb1\Arb1\app\app.component.js.map
c:\users\iazpiroz-ext\documents\visual studio 2015\Projects\Arb1\Arb1\app\app.module.js
c:\users\iazpiroz-ext\documents\visual studio 2015\Projects\Arb1\Arb1\app\app.module.js.map
c:\users\iazpiroz-ext\documents\visual studio 2015\Projects\Arb1\Arb1\app\main.js
c:\users\iazpiroz-ext\documents\visual studio 2015\Projects\Arb1\Arb1\app\main.js.map
c:\users\iazpiroz-ext\documents\visual studio 2015\Projects\Arb1\Arb1\app\http.service.js
c:\users\iazpiroz-ext\documents\visual studio 2015\Projects\Arb1\Arb1\app\http.service.js.map
c:\users\iazpiroz-ext\documents\visual studio 2015\Projects\Arb1\Arb1\app\app.component.js
c:\users\iazpiroz-ext\documents\visual studio 2015\Projects\Arb1\Arb1\app\app.component.js.map
c:\users\iazpiroz-ext\documents\visual studio 2015\Projects\Arb1\Arb1\app\app.module.js
c:\users\iazpiroz-ext\documents\visual studio 2015\Projects\Arb1\Arb1\app\app.module.js.map
c:\users\iazpiroz-ext\documents\visual studio 2015\Projects\Arb1\Arb1\app\main.js
c:\users\iazpiroz-ext\documents\visual studio 2015\Projects\Arb1\Arb1\app\main.js.map
c:\users\iazpiroz-ext\documents\visual studio 2015\Projects\Arb1\Arb1\app\http.service.js
c:\users\iazpiroz-ext\documents\visual studio 2015\Projects\Arb1\Arb1\app\http.service.js.map
c:\users\iazpiroz-ext\documents\visual studio 2015\Projects\Arb1\Arb1\app\app.component.js
c:\users\iazpiroz-ext\documents\visual studio 2015\Projects\Arb1\Arb1\app\app.component.js.map
c:\users\iazpiroz-ext\documents\visual studio 2015\Projects\Arb1\Arb1\app\app.module.js
c:\users\iazpiroz-ext\documents\visual studio 2015\Projects\Arb1\Arb1\app\app.module.js.map
c:\users\iazpiroz-ext\documents\visual studio 2015\Projects\Arb1\Arb1\app\main.js
c:\users\iazpiroz-ext\documents\visual studio 2015\Projects\Arb1\Arb1\app\main.js.map
c:\users\iazpiroz-ext\documents\visual studio 2015\Projects\Arb1\Arb1\app\http.service.js
c:\users\iazpiroz-ext\documents\visual studio 2015\Projects\Arb1\Arb1\app\http.service.js.map
c:\users\iazpiroz-ext\documents\visual studio 2015\Projects\Arb1\Arb1\app\app.component.js
c:\users\iazpiroz-ext\documents\visual studio 2015\Projects\Arb1\Arb1\app\app.component.js.map
c:\users\iazpiroz-ext\documents\visual studio 2015\Projects\Arb1\Arb1\app\app.module.js
c:\users\iazpiroz-ext\documents\visual studio 2015\Projects\Arb1\Arb1\app\app.module.js.map
c:\users\iazpiroz-ext\documents\visual studio 2015\Projects\Arb1\Arb1\app\main.js
c:\users\iazpiroz-ext\documents\visual studio 2015\Projects\Arb1\Arb1\app\main.js.map
c:\users\iazpiroz-ext\documents\visual studio 2015\Projects\Arb1\Arb1\app\http.service.js
c:\users\iazpiroz-ext\documents\visual studio 2015\Projects\Arb1\Arb1\app\http.service.js.map
c:\users\iazpiroz-ext\documents\visual studio 2015\Projects\Arb1\Arb1\app\app.component.js
c:\users\iazpiroz-ext\documents\visual studio 2015\Projects\Arb1\Arb1\app\app.component.js.map
c:\users\iazpiroz-ext\documents\visual studio 2015\Projects\Arb1\Arb1\app\app.module.js
c:\users\iazpiroz-ext\documents\visual studio 2015\Projects\Arb1\Arb1\app\app.module.js.map
c:\users\iazpiroz-ext\documents\visual studio 2015\Projects\Arb1\Arb1\app\main.js
c:\users\iazpiroz-ext\documents\visual studio 2015\Projects\Arb1\Arb1\app\main.js.map
c:\users\iazpiroz-ext\documents\visual studio 2015\Projects\Arb1\Arb1\app\http.service.js
c:\users\iazpiroz-ext\documents\visual studio 2015\Projects\Arb1\Arb1\app\http.service.js.map
c:\users\iazpiroz-ext\documents\visual studio 2015\Projects\Arb1\Arb1\app\app.component.js
c:\users\iazpiroz-ext\documents\visual studio 2015\Projects\Arb1\Arb1\app\app.component.js.map
c:\users\iazpiroz-ext\documents\visual studio 2015\Projects\Arb1\Arb1\app\app.module.js
c:\users\iazpiroz-ext\documents\visual studio 2015\Projects\Arb1\Arb1\app\app.module.js.map
c:\users\iazpiroz-ext\documents\visual studio 2015\Projects\Arb1\Arb1\app\main.js
c:\users\iazpiroz-ext\documents\visual studio 2015\Projects\Arb1\Arb1\app\main.js.map
c:\users\iazpiroz-ext\documents\visual studio 2015\Projects\Arb1\Arb1\app\http.service.js
c:\users\iazpiroz-ext\documents\visual studio 2015\Projects\Arb1\Arb1\app\http.service.js.map
c:\users\iazpiroz-ext\documents\visual studio 2015\Projects\Arb1\Arb1\app\app.component.js
c:\users\iazpiroz-ext\documents\visual studio 2015\Projects\Arb1\Arb1\app\app.component.js.map
c:\users\iazpiroz-ext\documents\visual studio 2015\Projects\Arb1\Arb1\app\app.module.js
c:\users\iazpiroz-ext\documents\visual studio 2015\Projects\Arb1\Arb1\app\app.module.js.map
c:\users\iazpiroz-ext\documents\visual studio 2015\Projects\Arb1\Arb1\app\main.js
c:\users\iazpiroz-ext\documents\visual studio 2015\Projects\Arb1\Arb1\app\main.js.map
